C166 COMPILER V7.53.0.0, MAIN                                                              04/17/2017 11:10:28 PAGE 1   


C166 COMPILER V7.53.0.0, COMPILATION OF MODULE MAIN
OBJECT MODULE PLACED IN main.OBJ
COMPILER INVOKED BY: C:\Keil\C166\BIN\C166.EXE main.c XLARGE BROWSE MOD167 DEBUG TABS(2) 

 stmt lvl     source

    1         #include "main.h"
    2         #include "can.h"
    3         #include "flash.h"
    4         #include "settings.h"
    5         #include "protocol.h"
    6         #include "process.h"
    7         #include "asc0.h"
    8         #include "system.h"
    9         #include "devices.h"
   10         #include "math.h"
   11         
   12         #include "bdsp.h"
   13         #include "bdgp.h"
   14         
   15         uint8   malloc_mempool[0x1000]; //32Б динамической памяти 
   16         uint8   ramTestOK = 1;
   17         
   18          const uint32 SerialNumberBD = 1301004;
   19         
   20         
   21         void main(void)
   22         {
   23  1        
   24  1        
   25  1        unsigned int far *pReprogWord = (unsigned int far *) 0x50000;
   26  1      
   27  1        //while(1);
   28  1      
   29  1        WDTIN = 1;
   30  1        WDTPRE = 1;
   31  1        
   32  1        
   33  1        CAN_Init();
   34  1      
   35  1        
   36  1        
   37  1        
   38  1        if(SWR == 1)
   39  1        {
   40  2          if(*pReprogWord == 0x1234)
   41  2          {
   42  3            *pReprogWord = 0;
   43  3            
   44  3            __asm {CALLS 04H 0E000H}
   45  3          }
   46  2          
   47  2        }
   48  1        init_asc0(20000000, 9600);
   49  1        
   50  1        ALTSEL0P2 = 0x0100;
   51  1        DP2 = 0x0100;
   52  1      
   53  1        
   54  1      
   55  1        T01CON = 0x0106;
C166 COMPILER V7.53.0.0, MAIN                                                              04/17/2017 11:10:28 PAGE 2   

   56  1        T0REL = 0x6769;   
   57  1      //  T1REL = 0x1000;
   58  1        T1 = 0xC000;
   59  1        
   60  1        T0IC = 0x006A;
   61  1        T1IC = 0x0065;
   62  1        
   63  1        T3CON = 0x0005;
   64  1        T3IC = 0x006E;
   65  1        
   66  1        CCM2 = 0x000F;
   67  1        CC8 = 0xC500;
   68  1      
   69  1        
   70  1        
   71  1        IEN = 1;
   72  1        
   73  1        T1R = 1;
   74  1        
   75  1        //System_LEDState(LED_BLINKY_FAST);
   76  1      
   77  1        //ramTestOK = System_RAMTest(); //запускаем тест памяти
   78  1        
   79  1        //if(ramTestOK)
   80  1        {
   81  2          
   82  2          //инициализируем системы
   83  2          init_mempool(&malloc_mempool, sizeof(malloc_mempool));
   84  2          
   85  2          SETTINGS_Init();    
   86  2          IMDBProtocol_Init();
   87  2      
   88  2          
   89  2          Process_Initializetion();
   90  2          Process_SetStatus(IMDB_INITIALIZATION); 
   91  2      //    IMDB_SendState();
   92  2          //запускам запрос на поиск блоков
   93  2          Devices_SendStateRequest();
   94  2          //запускаем главный таймер
   95  2          T0 = 0xFFFF;
   96  2          T0R = 1;
   97  2          
   98  2          //
   99  2          //проверяем статус сторожевого таймера
  100  2            if(WDTR == 1)
  101  2              IMDB_SendPacket(IMDB_HARDWAREFAIL,0,0);
  102  2      
  103  2          
  104  2        }
  105  1      /*  else
  106  1          System_LEDState(LED_BLINKY_LOW);
  107  1      */
  108  1          while(1)
  109  1          {   
  110  2            _srvwdt_();
  111  2            
  112  2            BDSP_Process();
  113  2            BDGP_Process();
  114  2            IMDB_Process();
  115  2            
  116  2            CAN_Process();
  117  2          }
C166 COMPILER V7.53.0.0, MAIN                                                              04/17/2017 11:10:28 PAGE 3   

  118  1      }
  119         
  120         
  121         


MODULE INFORMATION:   INITIALIZED  UNINITIALIZED
  CODE SIZE        =         194     --------
  NEAR-CONST SIZE  =           4     --------
  FAR-CONST SIZE   =    --------     --------
  HUGE-CONST SIZE  =    --------     --------
  XHUGE-CONST SIZE =    --------     --------
  NEAR-DATA SIZE   =           1     --------
  FAR-DATA SIZE    =    --------     --------
  XHUGE-DATA SIZE  =        4096     --------
  IDATA-DATA SIZE  =    --------     --------
  SDATA-DATA SIZE  =    --------     --------
  BDATA-DATA SIZE  =    --------     --------
  HUGE-DATA SIZE   =    --------     --------
  BIT SIZE         =    --------     --------
  INIT'L SIZE      =           6     --------
END OF MODULE INFORMATION.


C166 COMPILATION COMPLETE.  0 WARNING(S),  0 ERROR(S)
