C166 COMPILER V7.53.0.0, SETTINGS                                                          04/13/2017 11:46:30 PAGE 1   


C166 COMPILER V7.53.0.0, COMPILATION OF MODULE SETTINGS
OBJECT MODULE PLACED IN settings.OBJ
COMPILER INVOKED BY: C:\Keil\C166\BIN\C166.EXE settings.c XLARGE BROWSE MOD167 DEBUG TABS(2) 

 stmt lvl     source

    1         #include "settings.h"
    2         #include "flash.h"
    3         
    4         tSettings MainSettings;
    5         
    6         void  SETTINGS_Init()
    7         {
    8  1      
    9  1        if(!SETTINGS_Load())
   10  1        {
   11  2          SETTINGS_Default(); 
   12  2        }
   13  1      }
   14         
   15         void  SETTINGS_Default()
   16         {
   17  1        int i = 0;
   18  1        
   19  1          MainSettings.shieldingFactor = 4.0f;//коэф. экранирования
   20  1        
   21  1          MainSettings.limitDetect[0] = 4.0f; //SKO
   22  1          //МД мГр/ч
   23  1          MainSettings.limitDetect[1] = 0.01f;
   24  1          MainSettings.limitDetect[2] = 1.0f;
   25  1          MainSettings.limitDetect[3] = 100.0f;
   26  1          MainSettings.limitDetect[4] = 1000.0f;
   27  1          MainSettings.limitDetect[5] = 5000.0f;
   28  1          //Д мГр/ч
   29  1          MainSettings.limitDetect[6] = 10.0f;
   30  1          MainSettings.limitDetect[7] = 100.0f;
   31  1          MainSettings.limitDetect[8] = 250.0f;
   32  1          MainSettings.limitDetect[9] = 1000.0f;
   33  1        
   34  1        MainSettings.accumulationTime = 30;
   35  1        
   36  1        SETTINGS_Save();
   37  1        
   38  1      }
   39         
   40         void  SETTINGS_Save()
   41         {
   42  1        int i = 0,addr_counter = 0;
   43  1        
   44  1         uint16  *pSettings = (tSettings*)&MainSettings;
   45  1         uint16 sizeSettings = sizeof(MainSettings);
   46  1        
   47  1         uint16 chkSum = 0;
   48  1        
   49  1         for(i = 0;i<sizeSettings >> 1;i++)
   50  1            chkSum += *(pSettings + i);
   51  1        
   52  1        FLASH_EraseSector(0x22000);
   53  1        FLASH_FSRControl();
   54  1        
   55  1        FLASH_WriteWord(0x22000,chkSum);
C166 COMPILER V7.53.0.0, SETTINGS                                                          04/13/2017 11:46:30 PAGE 2   

   56  1        FLASH_FSRControl();
   57  1      
   58  1        
   59  1        for(i = 0;i<sizeSettings;i+=2)
   60  1        {
   61  2          FLASH_WriteWord(0x22002 + i,*(pSettings + addr_counter));
   62  2          FLASH_FSRControl();
   63  2          
   64  2      
   65  2          addr_counter++;
   66  2        }
   67  1      }
   68         uint8 SETTINGS_Load()
   69         {
   70  1        int i = 0;
   71  1        unsigned int far *addressChkSum = (unsigned int far *) 0x022000;
   72  1        unsigned int far *addressData = (unsigned int far *) 0x022002;
   73  1        
   74  1        uint16  *pSettings = (tSettings*)&MainSettings;
   75  1        uint16  dataSize = sizeof(MainSettings);
   76  1        uint16  chkSum = 0;
   77  1        
   78  1        for(i = 0;i<dataSize >> 1;i++){
   79  2          chkSum += *(addressData + i);
   80  2      
   81  2        }
   82  1      
   83  1        if(chkSum != *addressChkSum)
   84  1          return 0;
   85  1        
   86  1        
   87  1        for(i = 0;i<dataSize >> 1;i++){
   88  2          *(pSettings + i) = *(addressData + i);
   89  2          
   90  2        }
   91  1        return 1;
   92  1      }


MODULE INFORMATION:   INITIALIZED  UNINITIALIZED
  CODE SIZE        =         536     --------
  NEAR-CONST SIZE  =    --------     --------
  FAR-CONST SIZE   =    --------     --------
  HUGE-CONST SIZE  =    --------     --------
  XHUGE-CONST SIZE =    --------     --------
  NEAR-DATA SIZE   =    --------     --------
  FAR-DATA SIZE    =    --------     --------
  XHUGE-DATA SIZE  =          46     --------
  IDATA-DATA SIZE  =    --------     --------
  SDATA-DATA SIZE  =    --------     --------
  BDATA-DATA SIZE  =    --------     --------
  HUGE-DATA SIZE   =    --------     --------
  BIT SIZE         =    --------     --------
  INIT'L SIZE      =    --------     --------
END OF MODULE INFORMATION.


C166 COMPILATION COMPLETE.  0 WARNING(S),  0 ERROR(S)
