C166 COMPILER V7.53.0.0, ASC0                                                              10/31/2017 16:48:57 PAGE 1   


C166 COMPILER V7.53.0.0, COMPILATION OF MODULE ASC0
OBJECT MODULE PLACED IN .\output\asc0.obj
COMPILER INVOKED BY: C:\Keil\C166\BIN\C166.EXE asc0.c XLARGE BROWSE MOD167 DEBUG TABS(2) OBJECT(.\output\asc0.obj) 

 stmt lvl     source

    1         #include "asc0.h"
    2         #include "protocol.h"
    3         
    4         static bit volatile transmit_finish; 
    5         static bit volatile empty_TBUF;
    6         static bit volatile recive_finish;            
    7         
    8         
    9         
   10         void serial_TX_irq (void) interrupt S0TINT = 42 {
   11  1        transmit_finish = 1;           
   12  1      }
   13         
   14         void serial_TX_BUF_irc (void) interrupt S0TBINT = 71 {
   15  1        empty_TBUF = 1;
   16  1      }
   17         
   18         void serial_RX_irq (void) interrupt S0RINT = 43 {
   19  1        IMDB_ReceiveByteCallback(S0RBUF);
   20  1        //recive_finish = 1;    
   21  1      }
   22         
   23         //char putchar (char c) {           // substitute function for putchar 
   24         void sendbyte(char c){
   25  1        while (!transmit_finish & !empty_TBUF & !S0TIR & !S0TBIR);
   26  1        _atomic_(0); 
   27  1        if (transmit_finish) transmit_finish = 0;
   28  1        if (empty_TBUF) empty_TBUF = 0;
   29  1        _endatomic_();
   30  1        _atomic_(0); 
   31  1        S0TIR = 0;
   32  1        S0TBIR = 0;
   33  1        _endatomic_();
   34  1        _atomic_(0);                   // start un-interruptable code 
   35  1        S0TBUF = c;
   36  1        _endatomic_();
   37  1      //  return(c);
   38  1      }
   39         /*
   40         char _getkeyserial_RX (void) { // substitute function for _getkey 
   41           while (!recive_finish & !S0RIR);
   42           _atomic_(0);                   // start un-interruptable code 
   43           recive_finish = 0;
   44           S0RIR = 0;      
   45           _endatomic_();         // end un-interruptable code
   46           return(S0RBUF);
   47         }
   48            */
   49         void init_asc0 (unsigned long freq, unsigned int baud) {
   50  1       
   51  1      
   52  1        S0BG = (unsigned int)(freq / (32*(unsigned long) baud)) - 1;  // baudrate reload
   53  1        DP3 |= 0x0400;                                       // Set TXD for output 
   54  1        DP3 &= 0xF7FF;                                      // Set RXD for input 
   55  1        ALTSEL0P3 |= 0x0400;                                 // Configure port pins for serial interface 0    
C166 COMPILER V7.53.0.0, ASC0                                                              10/31/2017 16:48:57 PAGE 2   

   56  1        P3 |= 0x0400;                                       // Set TXD high 
   57  1        S0CON = 0x8011;
   58  1        S0RIC = 0x0044;                                     // Enable serial receive interrupt 
   59  1        S0TIC = 0x0045;                                     // Enable serial transmit interrupt 
   60  1        transmit_finish = 1;
   61  1      }


MODULE INFORMATION:   INITIALIZED  UNINITIALIZED
  CODE SIZE        =         252     --------
  NEAR-CONST SIZE  =    --------     --------
  FAR-CONST SIZE   =    --------     --------
  HUGE-CONST SIZE  =    --------     --------
  XHUGE-CONST SIZE =    --------     --------
  NEAR-DATA SIZE   =    --------     --------
  FAR-DATA SIZE    =    --------     --------
  XHUGE-DATA SIZE  =    --------     --------
  IDATA-DATA SIZE  =    --------     --------
  SDATA-DATA SIZE  =    --------     --------
  BDATA-DATA SIZE  =    --------     --------
  HUGE-DATA SIZE   =    --------     --------
  BIT SIZE         =           3     --------
  INIT'L SIZE      =    --------     --------
END OF MODULE INFORMATION.


C166 COMPILATION COMPLETE.  0 WARNING(S),  0 ERROR(S)
